<?xml version="1.0" encoding="UTF-8"?>
<testng-results ignored="0" total="1" passed="1" failed="0" skipped="0">
  <reporter-output>
  </reporter-output>
  <suite started-at="2024-02-06T20:59:10 IST" name="Default suite" finished-at="2024-02-06T20:59:10 IST" duration-ms="86">
    <groups>
    </groups>
    <test started-at="2024-02-06T20:59:10 IST" name="Default test" finished-at="2024-02-06T20:59:10 IST" duration-ms="86">
      <class name="Intro.Day1">
        <test-method signature="Demo()[pri:0, instance:Intro.Day1@293a5bf6]" started-at="2024-02-06T20:59:10 IST" name="Demo" finished-at="2024-02-06T20:59:10 IST" duration-ms="16" status="PASS">
          <reporter-output>
          </reporter-output>
        </test-method> <!-- Demo -->
      </class> <!-- Intro.Day1 -->
    </test> <!-- Default test -->
  </suite> <!-- Default suite -->
</testng-results>
